2026-07-05 02:45:09 - PDOException: SQLSTATE[23000]: Integrity constraint violation: 1048 Column 'room_code' cannot be null in C:\wamp64\www\SemestralSO7\clases\Model.php:76
2026-07-05 02:45:33 - PDOException: SQLSTATE[23000]: Integrity constraint violation: 1048 Column 'room_code' cannot be null in C:\wamp64\www\SemestralSO7\clases\Model.php:76
2026-07-05 02:45:36 - PDOException: SQLSTATE[23000]: Integrity constraint violation: 1048 Column 'room_code' cannot be null in C:\wamp64\www\SemestralSO7\clases\Model.php:76
2026-07-05 02:46:25 - PDOException: SQLSTATE[23000]: Integrity constraint violation: 1048 Column 'room_code' cannot be null in C:\wamp64\www\SemestralSO7\clases\Model.php:76
2026-07-05 03:37:56 - Exception: Vista no encontrada: questions/index in C:\wamp64\www\SemestralSO7\clases\Controller.php:20
2026-07-05 03:38:57 - Exception: Vista no encontrada: questions/index in C:\wamp64\www\SemestralSO7\clases\Controller.php:20
2026-07-05 03:40:14 - Exception: Vista no encontrada: questions/index in C:\wamp64\www\SemestralSO7\clases\Controller.php:20
2026-07-05 05:01:58 - Exception: Controlador no encontrado: App\Controllers\GameController in C:\wamp64\www\SemestralSO7\clases\Router.php:42
2026-07-05 05:02:03 - Exception: Controlador no encontrado: App\Controllers\GameController in C:\wamp64\www\SemestralSO7\clases\Router.php:42
2026-07-05 05:02:17 - Exception: Controlador no encontrado: App\Controllers\GameController in C:\wamp64\www\SemestralSO7\clases\Router.php:42
2026-07-05 05:02:22 - Exception: Controlador no encontrado: App\Controllers\GameController in C:\wamp64\www\SemestralSO7\clases\Router.php:42
2026-07-05 05:02:24 - Exception: Controlador no encontrado: App\Controllers\GameController in C:\wamp64\www\SemestralSO7\clases\Router.php:42
2026-07-05 12:03:14 - Exception: Controlador no encontrado: App\Controllers\GameController in C:\wamp64\www\SemestralSO7\clases\Router.php:42
2026-07-05 17:24:21 - PDOException: SQLSTATE[23000]: Integrity constraint violation: 1451 Cannot delete or update a parent row: a foreign key constraint fails (`trivias_db`.`user_prizes`, CONSTRAINT `user_prizes_ibfk_2` FOREIGN KEY (`prize_id`) REFERENCES `prizes` (`id`)) in C:\wamp64\www\SemestralSO7\clases\Model.php:90
2026-07-05 17:24:30 - PDOException: SQLSTATE[23000]: Integrity constraint violation: 1451 Cannot delete or update a parent row: a foreign key constraint fails (`trivias_db`.`user_prizes`, CONSTRAINT `user_prizes_ibfk_2` FOREIGN KEY (`prize_id`) REFERENCES `prizes` (`id`)) in C:\wamp64\www\SemestralSO7\clases\Model.php:90
2026-07-05 17:26:44 - PDOException: SQLSTATE[23000]: Integrity constraint violation: 1451 Cannot delete or update a parent row: a foreign key constraint fails (`trivias_db`.`game_responses`, CONSTRAINT `game_responses_ibfk_2` FOREIGN KEY (`user_id`) REFERENCES `users` (`id`)) in C:\wamp64\www\SemestralSO7\clases\Model.php:90
2026-07-05 19:15:32 - PDOException: SQLSTATE[23000]: Integrity constraint violation: 1451 Cannot delete or update a parent row: a foreign key constraint fails (`trivias_db`.`user_prizes`, CONSTRAINT `user_prizes_ibfk_2` FOREIGN KEY (`prize_id`) REFERENCES `prizes` (`id`)) in C:\wamp64\www\SemestralSO7\clases\Model.php:90
2026-07-05 20:29:28 - PDOException: SQLSTATE[23000]: Integrity constraint violation: 1451 Cannot delete or update a parent row: a foreign key constraint fails (`trivias_db`.`user_prizes`, CONSTRAINT `user_prizes_ibfk_2` FOREIGN KEY (`prize_id`) REFERENCES `prizes` (`id`)) in C:\wamp64\www\SemestralSO7\clases\Model.php:90
2026-07-05 20:52:38 - PDOException: SQLSTATE[23000]: Integrity constraint violation: 1451 Cannot delete or update a parent row: a foreign key constraint fails (`trivias_db`.`user_prizes`, CONSTRAINT `user_prizes_ibfk_2` FOREIGN KEY (`prize_id`) REFERENCES `prizes` (`id`)) in C:\wamp64\www\SemestralSO7\clases\Model.php:94
2026-07-05 21:14:15 - PDOException: SQLSTATE[23000]: Integrity constraint violation: 1451 Cannot delete or update a parent row: a foreign key constraint fails (`trivias_db`.`user_prizes`, CONSTRAINT `user_prizes_ibfk_2` FOREIGN KEY (`prize_id`) REFERENCES `prizes` (`id`)) in C:\wamp64\www\SemestralSO7\app\controllers\PrizeController.php:160
2026-07-05 21:14:23 - PDOException: SQLSTATE[23000]: Integrity constraint violation: 1451 Cannot delete or update a parent row: a foreign key constraint fails (`trivias_db`.`user_prizes`, CONSTRAINT `user_prizes_ibfk_2` FOREIGN KEY (`prize_id`) REFERENCES `prizes` (`id`)) in C:\wamp64\www\SemestralSO7\app\controllers\PrizeController.php:160
2026-07-05 21:18:16 - PDOException: SQLSTATE[23000]: Integrity constraint violation: 1451 Cannot delete or update a parent row: a foreign key constraint fails (`trivias_db`.`user_prizes`, CONSTRAINT `user_prizes_ibfk_2` FOREIGN KEY (`prize_id`) REFERENCES `prizes` (`id`)) in C:\wamp64\www\SemestralSO7\app\controllers\PrizeController.php:177
2026-07-14 04:23:49 - Exception: Esta es una excepción de PRUEBA generada por test_error_handler.php - todo funciona si ves esto en un cuadro rojo con detalles. in C:\wamp64\www\SemestralSO7\test_error_handler.php:84
2026-07-15 00:06:10 - Error: Class "PhpOffice\PhpSpreadsheet\Spreadsheet" not found in C:\wamp64\www\SemestralSO7\app\services\ExcelReportService.php:16
2026-07-15 00:53:00 - Error: Call to undefined method clases\Session::delete() in C:\wamp64\www\SemestralSO7\app\controllers\AuthController.php:58
2026-07-18 00:01:32 - PDOException: SQLSTATE[42S02]: Base table or view not found: 1146 Table 'trivias_db.avatars' doesn't exist in C:\wamp64\www\SemestralSO7\app\models\Avatar.php:24
2026-07-18 00:35:57 - PDOException: SQLSTATE[42S02]: Base table or view not found: 1146 Table 'trivias_db.avatars' doesn't exist in C:\wamp64\www\SemestralSO7\app\models\Avatar.php:24
2026-07-18 04:50:46 - PDOException: SQLSTATE[23000]: Integrity constraint violation: 1451 Cannot delete or update a parent row: a foreign key constraint fails (`trivias_db`.`game_responses`, CONSTRAINT `game_responses_ibfk_4` FOREIGN KEY (`selected_option_id`) REFERENCES `options` (`id`)) in C:\wamp64\www\SemestralSO7\app\models\Option.php:16
2026-07-18 15:23:25 - Error: Call to undefined method App\Models\Avatar::deleteWithFile() in C:\wamp64\www\SemestralSO7\app\controllers\AvatarController.php:106
2026-07-18 15:24:04 - Error: Call to undefined method App\Models\Avatar::deleteWithFile() in C:\wamp64\www\SemestralSO7\app\controllers\AvatarController.php:106
